<?xml version="1.0" encoding="UTF-8" ?>
<testsuite tests="5" failures="0" name="SK.Test.AppTest" time="0.025" errors="0" skipped="0">
  <properties>
[...]
</properties>
  <testcase classname="SK.Test.AppTest" name="getActiveEmployees" time="0.006"/>
  <testcase classname="SK.Test.AppTest" name="sortEmployeesByAge" time="0.001"/>
  <testcase classname="SK.Test.AppTest" name="getEmployeesByCity" time="0"/>
  <testcase classname="SK.Test.AppTest" name="getEmployeesByGender" time="0.004"/>
  <testcase classname="SK.Test.AppTest" name="printEmployees" time="0.014"/>
</testsuite>